<?xml version="1.0" encoding="UTF-8"?>
<testsuite xmlns:xsi="http://www.w3.org/2001/XMLSchema-instance" xsi:noNamespaceSchemaLocation="https://maven.apache.org/surefire/maven-surefire-plugin/xsd/surefire-test-report.xsd" name="calc_Test" time="0.455" tests="8" errors="0" skipped="0" failures="0">
  <properties>
[...]
</properties>
  <testcase name="factTruePositive" classname="calc_Test" time="0.387"/>
  <testcase name="sqrtFalsePositive" classname="calc_Test" time="0.004"/>
  <testcase name="sqrtTruePositive" classname="calc_Test" time="0.003"/>
  <testcase name="logTruePositive" classname="calc_Test" time="0.004"/>
  <testcase name="powFalsePositive" classname="calc_Test" time="0.002"/>
  <testcase name="factFalsePositive" classname="calc_Test" time="0.002"/>
  <testcase name="powTruePositive" classname="calc_Test" time="0.002"/>
  <testcase name="logFalsePositive" classname="calc_Test" time="0.004"/>
</testsuite>